<?xml version="1.0" encoding="UTF-8"?>
<!-- Generated by org.testng.reporters.JUnitXMLReporter -->
<testsuite hostname="NishantLaptop" failures="0" tests="8" name="Command line test" time="49.217" errors="0" timestamp="24 Sep 2023 17:38:54 GMT">
  <testcase classname="test.com.CostcoFormTest" name="testCostcoForm" time="1.684"/>
  <testcase classname="test.com.CostcoTest" name="Register" time="10.841"/>
  <testcase classname="test.com.CostcoTest" name="Login" time="10.51"/>
  <testcase classname="test.com.CostcoTest" name="Select_Dropdown_Country" time="10.508"/>
  <testcase classname="test.com.CostcoTest" name="Hover_Items" time="1.267"/>
  <testcase classname="test.com.CostcoTest" name="Search_Items" time="0.244"/>
  <testcase classname="test.com.CostcoTest" name="Add_Cart_Items" time="0.175"/>
  <testcase classname="test.com.CostcoTest" name="Checkout_Items" time="10.253"/>
</testsuite> <!-- Command line test -->
