<?xml version="1.0" encoding="UTF-8"?>
<!-- Generated by org.testng.reporters.JUnitXMLReporter -->
<testsuite hostname="NishantLaptop" failures="0" tests="7" name="Command line test" time="44.853" errors="0" timestamp="24 Sep 2023 17:39:58 GMT">
  <testcase classname="test.com.CostcoTest" name="Register" time="10.65"/>
  <testcase classname="test.com.CostcoTest" name="Login" time="10.41"/>
  <testcase classname="test.com.CostcoTest" name="Select_Dropdown_Country" time="10.347"/>
  <testcase classname="test.com.CostcoTest" name="Hover_Items" time="1.282"/>
  <testcase classname="test.com.CostcoTest" name="Search_Items" time="0.259"/>
  <testcase classname="test.com.CostcoTest" name="Add_Cart_Items" time="0.156"/>
  <testcase classname="test.com.CostcoTest" name="Checkout_Items" time="10.266"/>
</testsuite> <!-- Command line test -->
